2021-06-11 15:41:50.246  INFO Michael-DESKTOP --- [           main] c.r.i.Project3ServerApplication          : Starting Project3ServerApplication on Michael-DESKTOP with PID 7056 (C:\Users\Michael\IdeaProjects\Project-3-Services\build\classes\java\main started by Michael in C:\Users\Michael\IdeaProjects\Project-3-Services)
2021-06-11 15:41:50.256  INFO Michael-DESKTOP --- [           main] c.r.i.Project3ServerApplication          : No active profile set, falling back to default profiles: default
2021-06-11 15:41:50.966  INFO Michael-DESKTOP --- [           main] .s.d.r.c.RepositoryConfigurationDelegate : Bootstrapping Spring Data JPA repositories in DEFAULT mode.
2021-06-11 15:41:51.078  INFO Michael-DESKTOP --- [           main] .s.d.r.c.RepositoryConfigurationDelegate : Finished Spring Data repository scanning in 101ms. Found 4 JPA repository interfaces.
2021-06-11 15:41:51.415  INFO Michael-DESKTOP --- [           main] trationDelegate$BeanPostProcessorChecker : Bean 'org.springframework.security.access.expression.method.DefaultMethodSecurityExpressionHandler@42b21d99' of type [org.springframework.security.access.expression.method.DefaultMethodSecurityExpressionHandler] is not eligible for getting processed by all BeanPostProcessors (for example: not eligible for auto-proxying)
2021-06-11 15:41:51.420  INFO Michael-DESKTOP --- [           main] trationDelegate$BeanPostProcessorChecker : Bean 'methodSecurityMetadataSource' of type [org.springframework.security.access.method.DelegatingMethodSecurityMetadataSource] is not eligible for getting processed by all BeanPostProcessors (for example: not eligible for auto-proxying)
2021-06-11 15:41:51.958  INFO Michael-DESKTOP --- [           main] o.s.b.w.e.t.TomcatWebServer              : Tomcat initialized with port(s): 8080 (http)
2021-06-11 15:41:51.970  INFO Michael-DESKTOP --- [           main] o.a.c.h.Http11NioProtocol                : Initializing ProtocolHandler ["http-nio-8080"]
2021-06-11 15:41:51.971  INFO Michael-DESKTOP --- [           main] o.a.c.c.StandardService                  : Starting service [Tomcat]
2021-06-11 15:41:51.971  INFO Michael-DESKTOP --- [           main] o.a.c.c.StandardEngine                   : Starting Servlet engine: [Apache Tomcat/9.0.46]
2021-06-11 15:41:52.134  INFO Michael-DESKTOP --- [           main] o.a.c.c.C.[.[.[/]                        : Initializing Spring embedded WebApplicationContext
2021-06-11 15:41:52.134  INFO Michael-DESKTOP --- [           main] w.s.c.ServletWebServerApplicationContext : Root WebApplicationContext: initialization completed in 1815 ms
2021-06-11 15:41:52.683  INFO Michael-DESKTOP --- [           main] o.h.j.i.u.LogHelper                      : HHH000204: Processing PersistenceUnitInfo [name: default]
2021-06-11 15:41:52.747  INFO Michael-DESKTOP --- [           main] o.h.Version                              : HHH000412: Hibernate ORM core version 5.4.31.Final
2021-06-11 15:41:52.904  INFO Michael-DESKTOP --- [           main] o.h.a.c.Version                          : HCANN000001: Hibernate Commons Annotations {5.1.2.Final}
2021-06-11 15:41:53.020  INFO Michael-DESKTOP --- [           main] c.z.h.HikariDataSource                   : HikariPool-1 - Starting...
2021-06-11 15:41:53.129  INFO Michael-DESKTOP --- [           main] c.z.h.HikariDataSource                   : HikariPool-1 - Start completed.
2021-06-11 15:41:53.152  INFO Michael-DESKTOP --- [           main] o.h.d.Dialect                            : HHH000400: Using dialect: org.hibernate.dialect.PostgreSQLDialect
2021-06-11 15:41:54.029  INFO Michael-DESKTOP --- [           main] o.h.e.t.j.p.i.JtaPlatformInitiator       : HHH000490: Using JtaPlatform implementation: [org.hibernate.engine.transaction.jta.platform.internal.NoJtaPlatform]
2021-06-11 15:41:54.038  INFO Michael-DESKTOP --- [           main] j.LocalContainerEntityManagerFactoryBean : Initialized JPA EntityManagerFactory for persistence unit 'default'
2021-06-11 15:41:54.585  WARN Michael-DESKTOP --- [           main] JpaBaseConfiguration$JpaWebConfiguration : spring.jpa.open-in-view is enabled by default. Therefore, database queries may be performed during view rendering. Explicitly configure spring.jpa.open-in-view to disable this warning
2021-06-11 15:41:55.507  INFO Michael-DESKTOP --- [           main] o.s.s.w.DefaultSecurityFilterChain       : Creating filter chain: any request, [org.springframework.security.web.context.request.async.WebAsyncManagerIntegrationFilter@5a9051fd, org.springframework.security.web.context.SecurityContextPersistenceFilter@68360fb9, org.springframework.security.web.header.HeaderWriterFilter@43090195, org.springframework.web.filter.CorsFilter@7614378d, org.springframework.security.web.authentication.logout.LogoutFilter@7a8b7e11, org.springframework.security.oauth2.client.web.OAuth2AuthorizationRequestRedirectFilter@7a021f49, org.springframework.security.oauth2.client.web.OAuth2LoginAuthenticationFilter@194e78af, com.revature.initiative.security.TokenFilter@720bf653, org.springframework.security.web.savedrequest.RequestCacheAwareFilter@67b3960b, org.springframework.security.web.servletapi.SecurityContextHolderAwareRequestFilter@3d02ff64, org.springframework.security.web.authentication.AnonymousAuthenticationFilter@7028b5cc, org.springframework.security.web.session.SessionManagementFilter@6fc28e5b, org.springframework.security.web.access.ExceptionTranslationFilter@4d0b7fd5, org.springframework.security.web.access.intercept.FilterSecurityInterceptor@30c03473]
2021-06-11 15:41:55.617  INFO Michael-DESKTOP --- [           main] o.s.s.c.ThreadPoolTaskExecutor           : Initializing ExecutorService 'applicationTaskExecutor'
2021-06-11 15:41:55.821  INFO Michael-DESKTOP --- [           main] o.a.c.h.Http11NioProtocol                : Starting ProtocolHandler ["http-nio-8080"]
2021-06-11 15:41:55.845  INFO Michael-DESKTOP --- [           main] o.s.b.w.e.t.TomcatWebServer              : Tomcat started on port(s): 8080 (http) with context path ''
2021-06-11 15:41:55.852  INFO Michael-DESKTOP --- [           main] c.r.i.Project3ServerApplication          : Started Project3ServerApplication in 5.888 seconds (JVM running for 6.686)
